C51 COMPILER V9.54   RELAY                                                                 04/01/2021 11:19:40 PAGE 1   


C51 COMPILER V9.54, COMPILATION OF MODULE RELAY
OBJECT MODULE PLACED IN .\Objects\relay.obj
COMPILER INVOKED BY: E:\Kiel 5\C51\BIN\C51.EXE relay.c OPTIMIZE(8,SPEED) BROWSE DEBUG OBJECTEXTEND PRINT(.\Listings\rela
                    -y.lst) TABS(2) OBJECT(.\Objects\relay.obj)

line level    source

   1          #include <reg52.h>
   2          
   3          #define uchar unsigned char
   4          #define uint unsigned int
   5            
   6          //定义IO口
   7          sbit relay1 = P2^2;  //水循环继电器
   8          sbit relay2 = P2^1;  //加热继电器
   9          sbit relay3 = P2^0;  //充氧继电器
  10          
  11          //延时函数
  12          void delay( uint ms )
  13          {
  14   1        uchar i;
  15   1        while ( ms-- )
  16   1        {
  17   2          for (i=0;i<120;i++);
  18   2        }
  19   1      }
  20          
  21          //水循环继电器
  22          void add_water()
  23          {
  24   1        relay1=0;
  25   1        delay(3000); //控制时间
  26   1        relay1=1;
  27   1      }
  28          //加热继电器
  29          void add_temp()
  30          {
  31   1        relay2=0;
  32   1        delay(3000); //控制时间
  33   1        relay2=1;
  34   1      }
  35          //充氧继电器
  36          void add_ox2()
  37          {
  38   1        relay3=0;
  39   1        delay(3000); //控制时间
  40   1        relay3=1;
  41   1      }
  42          
  43          void main()
  44          {
  45   1        while(1)
  46   1        {
  47   2        relay1=0;
  48   2        relay2=0;
  49   2        relay3=0;
  50   2        }
  51   1      }


MODULE INFORMATION:   STATIC OVERLAYABLE
C51 COMPILER V9.54   RELAY                                                                 04/01/2021 11:19:40 PAGE 2   

   CODE SIZE        =     80    ----
   CONSTANT SIZE    =   ----    ----
   XDATA SIZE       =   ----    ----
   PDATA SIZE       =   ----    ----
   DATA SIZE        =   ----    ----
   IDATA SIZE       =   ----    ----
   BIT SIZE         =   ----    ----
END OF MODULE INFORMATION.


C51 COMPILATION COMPLETE.  0 WARNING(S),  0 ERROR(S)
